<?xml version="1.0" encoding="UTF-8"?>
<!-- Generated by org.testng.reporters.JUnitReportReporter -->
<testsuite hostname="CISM587" failures="0" tests="7" name="com.matrix.testcases.LoginTest" time="17.790" errors="0" timestamp="2022-08-09T17:38:02 IST" skipped="0">
  <testcase classname="com.matrix.testcases.LoginTest" name="tc_001_withoutAnyInput" time="0.201"/>
  <system-out/>
  <testcase classname="com.matrix.testcases.LoginTest" name="tc_002_validUserNameOnly" time="0.136"/>
  <system-out/>
  <testcase classname="com.matrix.testcases.LoginTest" name="tc_004_invalidsUsernName" time="2.183"/>
  <system-out/>
  <testcase classname="com.matrix.testcases.LoginTest" name="tc_003_validUserPasswordOnly" time="1.726"/>
  <system-out/>
  <testcase classname="com.matrix.testcases.LoginTest" name="tc_login_006_checkContactUsLink" time="2.203"/>
  <system-out/>
  <testcase classname="com.matrix.testcases.LoginTest" name="tc_login_007_checkForgotPasswordLink" time="4.307"/>
  <system-out/>
  <testcase classname="com.matrix.testcases.LoginTest" name="tc_005_validUserCredentials" time="7.034"/>
  <system-out/>
</testsuite> <!-- com.matrix.testcases.LoginTest -->
