<?xml version="1.0" encoding="UTF-8"?>
<!-- Generated by org.testng.reporters.JUnitReportReporter -->
<testsuite hostname="CISM587" failures="0" tests="1" name="com.matrix.testcases.TaskTest" time="14.688" errors="0" timestamp="2022-08-09T19:34:20 IST" skipped="0">
  <testcase classname="com.matrix.testcases.TaskTest" name="tc_dash_001_verify_Tasks_Heading" time="14.688"/>
  <system-out/>
</testsuite> <!-- com.matrix.testcases.TaskTest -->
