<?xml version="1.0" encoding="UTF-8"?>
<!-- Generated by org.testng.reporters.JUnitReportReporter -->
<testsuite hostname="CISM587" failures="0" tests="1" name="com.matrix.testcases.DashboardTest" time="11.183" errors="0" timestamp="2022-08-09T19:26:41 IST" skipped="0">
  <testcase classname="com.matrix.testcases.DashboardTest" name="tc_dash_004_click_TasksSideBar" time="11.183"/>
  <system-out/>
</testsuite> <!-- com.matrix.testcases.DashboardTest -->
